<?xml version="1.0" encoding="UTF-8"?>
<!-- Generated by org.testng.reporters.JUnitReportReporter -->
<testsuite hostname="FEUJI-V013D" failures="0" tests="1" name="tests.BaseClass" time="0.022" errors="0" timestamp="2023-11-13T13:38:18 IST" skipped="0">
  <testcase classname="tests.BaseClass" name="sample" time="0.022"/>
  <system-out/>
</testsuite> <!-- tests.BaseClass -->
