<?xml version="1.0" encoding="UTF-8"?>
<!-- Generated by org.testng.reporters.JUnitReportReporter -->
<testsuite hostname="FEUJI-V013D" failures="0" tests="1" name="tests.AppiumService" time="8.209" errors="0" timestamp="2023-11-16T10:22:43 IST" skipped="0">
  <testcase classname="tests.AppiumService" name="sample" time="8.209"/>
  <system-out/>
</testsuite> <!-- tests.AppiumService -->
