<?xml version="1.0" encoding="UTF-8"?>
<!-- Generated by org.testng.reporters.JUnitReportReporter -->
<testsuite hostname="FEUJI-V013D" failures="0" tests="1" name="tests.AppiumService" time="7.944" errors="0" timestamp="2023-11-16T09:58:23 IST" skipped="0">
  <testcase classname="tests.AppiumService" name="sample" time="7.944"/>
  <system-out/>
</testsuite> <!-- tests.AppiumService -->
