<?xml version="1.0" encoding="UTF-8"?>
<!-- Generated by org.testng.reporters.JUnitReportReporter -->
<testsuite hostname="FEUJI-V013D" failures="0" tests="1" name="com.test.AppiumService" time="7.032" errors="0" timestamp="2023-11-16T10:31:44 IST" skipped="0">
  <testcase classname="com.test.AppiumService" name="sample" time="7.032"/>
  <system-out/>
</testsuite> <!-- com.test.AppiumService -->
